<?xml version="1.0" encoding="UTF-8"?>
<testng-results ignored="0" total="1" passed="1" failed="0" skipped="0">
  <reporter-output>
  </reporter-output>
  <suite started-at="2022-11-01T15:30:19 IST" name="Suite" finished-at="2022-11-01T15:30:40 IST" duration-ms="20776">
    <groups>
    </groups>
    <test started-at="2022-11-01T15:30:19 IST" name="Test" finished-at="2022-11-01T15:30:40 IST" duration-ms="20776">
      <class name="com.INB.tests.TC_DashboardQL">
        <test-method is-config="true" signature="setUp([Ljava.lang.Object;)[pri:0, instance:com.INB.tests.TC_DashboardQL@47987356]" started-at="2022-11-01T15:30:20 IST" name="setUp" finished-at="2022-11-01T15:30:25 IST" duration-ms="5501" status="PASS">
          <params>
            <param index="0">
              <value>
                <![CDATA[[Ljava.lang.Object;@7f02251]]>
              </value>
            </param>
          </params>
          <reporter-output>
          </reporter-output>
        </test-method> <!-- setUp -->
        <test-method signature="profileLinksMH(java.util.Map)[pri:0, instance:com.INB.tests.TC_DashboardQL@47987356]" started-at="2022-11-01T15:30:25 IST" name="profileLinksMH" description="checking profileLinks" data-provider="getData" finished-at="2022-11-01T15:30:39 IST" duration-ms="13517" status="PASS">
          <params>
            <param index="0">
              <value>
                <![CDATA[{Test Case Name=profileLinksMH, data1=spcbtest, Execute=yes, data2=Asdf@123, Browser=chrome}]]>
              </value>
            </param>
          </params>
          <reporter-output>
          </reporter-output>
        </test-method> <!-- profileLinksMH -->
        <test-method is-config="true" signature="tearDown()[pri:0, instance:com.INB.tests.TC_DashboardQL@47987356]" started-at="2022-11-01T15:30:39 IST" name="tearDown" finished-at="2022-11-01T15:30:40 IST" duration-ms="429" status="PASS">
          <reporter-output>
          </reporter-output>
        </test-method> <!-- tearDown -->
      </class> <!-- com.INB.tests.TC_DashboardQL -->
    </test> <!-- Test -->
  </suite> <!-- Suite -->
</testng-results>
