<?xml version="1.0" encoding="UTF-8"?>
<!-- Generated by org.testng.reporters.JUnitXMLReporter -->
<testsuite ignored="0" hostname="01CEDHWLAP459" failures="0" tests="5" name="Test" time="84.084" errors="0" timestamp="2022-10-28T13:41:58 IST">
  <testcase classname="com.INB.tests.TC_DashboardRetailMyAccount" name="eServiceClick" time="7.907"/>
  <testcase classname="com.INB.tests.TC_DashboardRetailMyAccount" name="eServiceMH" time="8.543"/>
  <testcase classname="com.INB.tests.TC_DashboardRetailMyAccount" name="myAccountsClick" time="10.347"/>
  <testcase classname="com.INB.tests.TC_DashboardRetailMyAccount" name="myAccountsMH" time="10.341"/>
  <testcase classname="com.INB.tests.TC_DashboardRetailMyAccount" name="requestMH" time="11.152"/>
</testsuite> <!-- Test -->
