<?xml version="1.0" encoding="UTF-8"?>
<testng-results ignored="0" total="2" passed="2" failed="0" skipped="0">
  <reporter-output>
  </reporter-output>
  <suite started-at="2022-10-07T16:27:05Z" name="Suite" finished-at="2022-10-07T16:27:24Z" duration-ms="18827">
    <groups>
    </groups>
    <test started-at="2022-10-07T16:27:05Z" name="Test" finished-at="2022-10-07T16:27:24Z" duration-ms="18827">
      <class name="com.INB.tests.TC_HomePage">
        <test-method is-config="true" signature="setUp()[pri:0, instance:com.INB.tests.TC_HomePage@22fcf7ab]" started-at="2022-10-07T16:27:17Z" name="setUp" finished-at="2022-10-07T16:27:20Z" duration-ms="2679" status="PASS">
          <reporter-output>
          </reporter-output>
        </test-method> <!-- setUp -->
        <test-method signature="Test3()[pri:0, instance:com.INB.tests.TC_HomePage@22fcf7ab]" started-at="2022-10-07T16:27:20Z" name="Test3" finished-at="2022-10-07T16:27:24Z" duration-ms="3803" status="PASS">
          <reporter-output>
          </reporter-output>
        </test-method> <!-- Test3 -->
        <test-method is-config="true" signature="tearDown()[pri:0, instance:com.INB.tests.TC_HomePage@22fcf7ab]" started-at="2022-10-07T16:27:24Z" name="tearDown" finished-at="2022-10-07T16:27:24Z" duration-ms="333" status="PASS">
          <reporter-output>
          </reporter-output>
        </test-method> <!-- tearDown -->
      </class> <!-- com.INB.tests.TC_HomePage -->
      <class name="com.INB.tests.TC_Login">
        <test-method is-config="true" signature="setUp()[pri:0, instance:com.INB.tests.TC_Login@587e5365]" started-at="2022-10-07T16:27:05Z" name="setUp" finished-at="2022-10-07T16:27:14Z" duration-ms="8751" status="PASS">
          <reporter-output>
          </reporter-output>
        </test-method> <!-- setUp -->
        <test-method signature="Test1()[pri:0, instance:com.INB.tests.TC_Login@587e5365]" started-at="2022-10-07T16:27:14Z" name="Test1" finished-at="2022-10-07T16:27:17Z" duration-ms="2917" status="PASS">
          <reporter-output>
          </reporter-output>
        </test-method> <!-- Test1 -->
        <test-method is-config="true" signature="tearDown()[pri:0, instance:com.INB.tests.TC_Login@587e5365]" started-at="2022-10-07T16:27:17Z" name="tearDown" finished-at="2022-10-07T16:27:17Z" duration-ms="282" status="PASS">
          <reporter-output>
          </reporter-output>
        </test-method> <!-- tearDown -->
      </class> <!-- com.INB.tests.TC_Login -->
    </test> <!-- Test -->
  </suite> <!-- Suite -->
</testng-results>
